#
# A fatal error has been detected by the Java Runtime Environment:
#
#  EXCEPTION_ACCESS_VIOLATION (0xc0000005) at pc=0x000000006e434a1b, pid=5212, tid=2084
#
# JRE version: Java(TM) SE Runtime Environment (7.0_79-b15) (build 1.7.0_79-b15)
# Java VM: Java HotSpot(TM) 64-Bit Server VM (24.79-b02 mixed mode windows-amd64 compressed oops)
# Problematic frame:
# V  [jvm.dll+0x144a1b]
#
# Failed to write core dump. Minidumps are not enabled by default on client versions of Windows
#
# If you would like to submit a bug report, please visit:
#   http://bugreport.java.com/bugreport/crash.jsp
#

---------------  T H R E A D  ---------------

Current thread (0x000000000a59b000):  JavaThread "JDWP Transport Listener: dt_socket" daemon [_thread_in_vm, id=2084, stack(0x000000000c520000,0x000000000c620000)]

siginfo: ExceptionCode=0xc0000005, reading address 0xffffffff00000000

Registers:
RAX=0x000000000c61f101, RBX=0x000000000a59b000, RCX=0xffffffff00000000, RDX=0x0000000000000000
RSP=0x000000000c61f170, RBP=0xffffffff00000000, RSI=0x000000000c61f288, RDI=0x0000000002068d20
R8 =0x000000000a59b000, R9 =0x0000000000000700, R10=0x0000000000000000, R11=0x0000022700290014
R12=0x0000000000000000, R13=0x000000000a58fd88, R14=0x0000000000000000, R15=0x0000000000000000
RIP=0x000000006e434a1b, EFLAGS=0x0000000000010286

Top of Stack: (sp=0x000000000c61f170)
0x000000000c61f170:   000000000a59b000 0000000000000002
0x000000000c61f180:   000000000c61f238 000000006e5d6a59
0x000000000c61f190:   000000000a59b000 000000006e5f4602
0x000000000c61f1a0:   0000000000000000 000000006d078e8d
0x000000000c61f1b0:   000000000a5a87e8 000000006d082666
0x000000000c61f1c0:   000000000a59b000 0000000000000000
0x000000000c61f1d0:   0000000000000000 0000000000000000
0x000000000c61f1e0:   ffffffff00000000 000000006d08175d
0x000000000c61f1f0:   000000000c61f288 000000000c61f260
0x000000000c61f200:   0000000000000001 000000000a5a87e8
0x000000000c61f210:   ffffffff00000000 000000006d0653b3
0x000000000c61f220:   000000000c61f350 0000000000000001
0x000000000c61f230:   0000000000000001 000000000a5a87e8
0x000000000c61f240:   0000000000000001 0000000000000000
0x000000000c61f250:   0000000000000000 0000000000000000
0x000000000c61f260:   0000000000000001 000000006d065571 

Instructions: (pc=0x000000006e434a1b)
0x000000006e4349fb:   48 8b 5c 24 30 48 89 47 18 48 83 c4 20 5f c3 cc
0x000000006e434a0b:   cc cc cc cc cc 40 53 48 83 ec 20 48 85 c9 74 54
0x000000006e434a1b:   48 8b 19 48 85 db 74 4c 48 b8 fe fe fe fe fe fe
0x000000006e434a2b:   fe fe 48 3b d8 74 3d 80 3d 8f 26 61 00 00 74 15 


Register to memory mapping:

RAX=0x000000000c61f101 is pointing into the stack for thread: 0x000000000a59b000
RBX=0x000000000a59b000 is a thread
RCX=0xffffffff00000000 is an unknown value
RDX=0x0000000000000000 is an unknown value
RSP=0x000000000c61f170 is pointing into the stack for thread: 0x000000000a59b000
RBP=0xffffffff00000000 is an unknown value
RSI=0x000000000c61f288 is pointing into the stack for thread: 0x000000000a59b000
RDI=0x0000000002068d20 is an unknown value
R8 =0x000000000a59b000 is a thread
R9 =0x0000000000000700 is an unknown value
R10=0x0000000000000000 is an unknown value
R11=0x0000022700290014 is an unknown value
R12=0x0000000000000000 is an unknown value
R13=0x000000000a58fd88 is an unknown value
R14=0x0000000000000000 is an unknown value
R15=0x0000000000000000 is an unknown value


Stack: [0x000000000c520000,0x000000000c620000],  sp=0x000000000c61f170,  free space=1020k
Native frames: (J=compiled Java code, j=interpreted, Vv=VM code, C=native code)
V  [jvm.dll+0x144a1b]

[error occurred during error reporting (printing native stack), id 0xc0000005]


---------------  P R O C E S S  ---------------

Java Threads: ( => current thread )
  0x000000000c9ae800 JavaThread "Service Thread" daemon [_thread_blocked, id=6668, stack(0x000000000cf80000,0x000000000d080000)]
  0x000000000c9aa800 JavaThread "C2 CompilerThread1" daemon [_thread_blocked, id=4672, stack(0x000000000c650000,0x000000000c750000)]
  0x000000000a5ae800 JavaThread "C2 CompilerThread0" daemon [_thread_blocked, id=6708, stack(0x000000000ce80000,0x000000000cf80000)]
  0x000000000a5a6800 JavaThread "JDWP Command Reader" daemon [_thread_in_native, id=6256, stack(0x000000000c8a0000,0x000000000c9a0000)]
  0x000000000a5a5800 JavaThread "JDWP Event Helper Thread" daemon [_thread_blocked, id=8804, stack(0x000000000c770000,0x000000000c870000)]
=>0x000000000a59b000 JavaThread "JDWP Transport Listener: dt_socket" daemon [_thread_in_vm, id=2084, stack(0x000000000c520000,0x000000000c620000)]
  0x000000000a593000 JavaThread "Attach Listener" daemon [_thread_blocked, id=7708, stack(0x000000000bca0000,0x000000000bda0000)]
  0x000000000a58e000 JavaThread "Signal Dispatcher" daemon [_thread_blocked, id=9932, stack(0x000000000ba90000,0x000000000bb90000)]
  0x000000000a539000 JavaThread "Finalizer" daemon [_thread_blocked, id=3708, stack(0x000000000b7f0000,0x000000000b8f0000)]
  0x000000000a531000 JavaThread "Reference Handler" daemon [_thread_blocked, id=8748, stack(0x000000000b630000,0x000000000b730000)]
  0x000000000206f000 JavaThread "main" [_thread_blocked, id=7492, stack(0x0000000002080000,0x0000000002180000)]

Other Threads:
  0x000000000a52e000 VMThread [stack: 0x000000000b440000,0x000000000b540000] [id=9644]
  0x000000000c9c3800 WatcherThread [stack: 0x000000000d120000,0x000000000d220000] [id=8416]

VM state:not at safepoint (normal execution)

VM Mutex/Monitor currently owned by a thread: None

Heap
 PSYoungGen      total 36864K, used 1904K [0x00000007d6f00000, 0x00000007d9800000, 0x0000000800000000)
  eden space 31744K, 6% used [0x00000007d6f00000,0x00000007d70dc390,0x00000007d8e00000)
  from space 5120K, 0% used [0x00000007d9300000,0x00000007d9300000,0x00000007d9800000)
  to   space 5120K, 0% used [0x00000007d8e00000,0x00000007d8e00000,0x00000007d9300000)
 ParOldGen       total 83968K, used 0K [0x0000000784e00000, 0x000000078a000000, 0x00000007d6f00000)
  object space 83968K, 0% used [0x0000000784e00000,0x0000000784e00000,0x000000078a000000)
 PSPermGen       total 21504K, used 2595K [0x000000077fc00000, 0x0000000781100000, 0x0000000784e00000)
  object space 21504K, 12% used [0x000000077fc00000,0x000000077fe88d28,0x0000000781100000)

Card table byte_map: [0x0000000005180000,0x0000000005590000] byte_map_base: 0x0000000001582000

Polling page: 0x0000000000100000

Code Cache  [0x0000000002180000, 0x00000000023f0000, 0x0000000005180000)
 total_blobs=161 nmethods=0 adapters=137 free_code_cache=48774Kb largest_free_block=49945024

Compilation events (0 events):
No events

GC Heap History (0 events):
No events

Deoptimization events (0 events):
No events

Internal exceptions (3 events):
Event: 0.037 Thread 0x000000000206f000 Threw 0x00000007d6f0a520 at C:\re\jdk7u79\2331\hotspot\src\share\vm\prims\jni.cpp:3991
Event: 0.121 Thread 0x000000000206f000 Threw 0x00000007d6f4dda0 at C:\re\jdk7u79\2331\hotspot\src\share\vm\prims\jvm.cpp:1304
Event: 0.127 Thread 0x000000000206f000 Threw 0x00000007d6f558f8 at C:\re\jdk7u79\2331\hotspot\src\share\vm\interpreter\interpreterRuntime.cpp:362

Events (10 events):
Event: 279.790 Executing VM operation: GetCurrentLocation
Event: 279.790 Executing VM operation: GetCurrentLocation done
Event: 279.790 Executing VM operation: EnterInterpOnlyMode
Event: 279.790 Executing VM operation: EnterInterpOnlyMode done
Event: 279.790 Executing VM operation: ChangeSingleStep
Event: 279.790 Executing VM operation: ChangeSingleStep done
Event: 279.790 Executing VM operation: ChangeSingleStep
Event: 279.790 Executing VM operation: ChangeSingleStep done
Event: 279.792 Executing VM operation: RedefineClasses
Event: 279.792 Executing VM operation: RedefineClasses done


Dynamic libraries:
0x000000013fbf0000 - 0x000000013fc23000 	C:\Program Files\Java\jre7\bin\javaw.exe
0x00000000770b0000 - 0x000000007725a000 	C:\windows\SYSTEM32\ntdll.dll
0x0000000076f90000 - 0x00000000770af000 	C:\windows\system32\kernel32.dll
0x000007fefcfd0000 - 0x000007fefd03a000 	C:\windows\system32\KERNELBASE.dll
0x000007fefe730000 - 0x000007fefe80b000 	C:\windows\system32\ADVAPI32.dll
0x000007fefec70000 - 0x000007fefed0f000 	C:\windows\system32\msvcrt.dll
0x000007fefeb70000 - 0x000007fefeb8f000 	C:\windows\SYSTEM32\sechost.dll
0x000007fefed40000 - 0x000007fefee6d000 	C:\windows\system32\RPCRT4.dll
0x0000000076e90000 - 0x0000000076f8a000 	C:\windows\system32\USER32.dll
0x000007fefe810000 - 0x000007fefe877000 	C:\windows\system32\GDI32.dll
0x000007fefeb60000 - 0x000007fefeb6e000 	C:\windows\system32\LPK.dll
0x000007fefe5c0000 - 0x000007fefe68a000 	C:\windows\system32\USP10.dll
0x000007fefb4a0000 - 0x000007fefb694000 	C:\windows\WinSxS\amd64_microsoft.windows.common-controls_6595b64144ccf1df_6.0.7601.18837_none_fa3b1e3d17594757\COMCTL32.dll
0x000007fefd250000 - 0x000007fefd2c1000 	C:\windows\system32\SHLWAPI.dll
0x000007fefed10000 - 0x000007fefed3e000 	C:\windows\system32\IMM32.DLL
0x000007fefe1f0000 - 0x000007fefe2f9000 	C:\windows\system32\MSCTF.dll
0x0000000054fa0000 - 0x0000000055072000 	C:\Program Files\Java\jre7\bin\msvcr100.dll
0x000000006e2f0000 - 0x000000006eac5000 	C:\Program Files\Java\jre7\bin\server\jvm.dll
0x000007fef4660000 - 0x000007fef4669000 	C:\windows\system32\WSOCK32.dll
0x000007fefea90000 - 0x000007fefeadd000 	C:\windows\system32\WS2_32.dll
0x000007fefe300000 - 0x000007fefe308000 	C:\windows\system32\NSI.dll
0x000007fef4880000 - 0x000007fef48bb000 	C:\windows\system32\WINMM.dll
0x0000000077280000 - 0x0000000077287000 	C:\windows\system32\PSAPI.DLL
0x0000000071910000 - 0x000000007191f000 	C:\Program Files\Java\jre7\bin\verify.dll
0x0000000054f70000 - 0x0000000054f98000 	C:\Program Files\Java\jre7\bin\java.dll
0x000000006d060000 - 0x000000006d095000 	C:\Program Files\Java\jre7\bin\jdwp.dll
0x000000006dc30000 - 0x000000006dc38000 	C:\Program Files\Java\jre7\bin\npt.dll
0x0000000054f50000 - 0x0000000054f65000 	C:\Program Files\Java\jre7\bin\zip.dll
0x000000006cbf0000 - 0x000000006cbf9000 	C:\Program Files\Java\jre7\bin\dt_socket.dll
0x000007fefa540000 - 0x000007fefa555000 	C:\windows\system32\NLAapi.dll
0x000007fef4ac0000 - 0x000007fef4ad5000 	C:\windows\system32\napinsp.dll
0x000007fef4a90000 - 0x000007fef4aa9000 	C:\windows\system32\pnrpnsp.dll
0x000007fefc6e0000 - 0x000007fefc735000 	C:\windows\System32\mswsock.dll
0x000007fefc470000 - 0x000007fefc4cb000 	C:\windows\system32\DNSAPI.dll
0x000007fef4a80000 - 0x000007fef4a8b000 	C:\windows\System32\winrnr.dll
0x000007fef4a70000 - 0x000007fef4a80000 	C:\windows\system32\wshbth.dll
0x000007fef9da0000 - 0x000007fef9dc7000 	C:\windows\system32\IPHLPAPI.DLL
0x000007fef9d90000 - 0x000007fef9d9b000 	C:\windows\system32\WINNSI.DLL
0x000007fef9bc0000 - 0x000007fef9c13000 	C:\windows\System32\fwpuclnt.dll
0x000007fef5a60000 - 0x000007fef5a68000 	C:\windows\system32\rasadhlp.dll
0x000007fefbff0000 - 0x000007fefbff7000 	C:\windows\System32\wshtcpip.dll
0x000007fefa650000 - 0x000007fefa775000 	C:\windows\system32\dbghelp.dll

VM Arguments:
jvm_args: -agentlib:jdwp=transport=dt_socket,suspend=y,address=localhost:56160 -Dfile.encoding=Cp1252 
java_command: testing.TesterClass
Launcher Type: SUN_STANDARD

Environment Variables:
PATH=C:\windows\system32;C:\windows;C:\windows\System32\Wbem;C:\windows\System32\WindowsPowerShell\v1.0\;C:\Program Files\IBM\Infoprint Select;C:\Program Files (x86)\IBM\Personal Communications\;C:\Program Files (x86)\IBM\Trace Facility\;C:\Program Files (x86)\GitExtensions\;C:\Program Files\Git\cmd;C:\Program Files\nodejs\;C:\Program Files (x86)\CloudFoundry;C:\Program Files (x86)\OpenSSH\bin;C:\HashiCorp\Vagrant\bin;C:\texlive\2015\bin\win32;C:\Users\IBM_ADMIN\AppData\Local\Programs\Python\Python35-32\Scripts\;C:\Users\IBM_ADMIN\AppData\Local\Programs\Python\Python35-32\;C:\Users\IBM_ADMIN\AppData\Local\atom\bin;C:\Users\IBM_ADMIN\AppData\Roaming\npm;C:\Users\IBM_ADMIN\AppData\Local\Pandoc\;C:\Users\IBM_ADMIN\AppData\Local\Programs\MiKTeX 2.9\miktex\bin\
USERNAME=de162198
OS=Windows_NT
PROCESSOR_IDENTIFIER=Intel64 Family 6 Model 69 Stepping 1, GenuineIntel



---------------  S Y S T E M  ---------------

OS: Windows 7 , 64 bit Build 7601 Service Pack 1

CPU:total 4 (2 cores per cpu, 2 threads per core) family 6 model 69 stepping 1, cmov, cx8, fxsr, mmx, sse, sse2, sse3, ssse3, sse4.1, sse4.2, popcnt, avx, avx2, aes, erms, ht, tsc, tscinvbit

Memory: 4k page, physical 8068840k(1756728k free), swap 16135820k(8398324k free)

vm_info: Java HotSpot(TM) 64-Bit Server VM (24.79-b02) for windows-amd64 JRE (1.7.0_79-b15), built on Apr 10 2015 12:36:16 by "java_re" with unknown MS VC++:1600

time: Wed Jun 22 13:30:05 2016
elapsed time: 279 seconds

